#
# There is insufficient memory for the Java Runtime Environment to continue.
# Native memory allocation (malloc) failed to allocate 786496 bytes for Chunk::new
# Possible reasons:
#   The system is out of physical RAM or swap space
#   The process is running with CompressedOops enabled, and the Java Heap may be blocking the growth of the native heap
# Possible solutions:
#   Reduce memory load on the system
#   Increase physical memory or swap space
#   Check if swap backing store is full
#   Decrease Java heap size (-Xmx/-Xms)
#   Decrease number of Java threads
#   Decrease Java thread stack sizes (-Xss)
#   Set larger code cache with -XX:ReservedCodeCacheSize=
#   JVM is running with Unscaled Compressed Oops mode in which the Java heap is
#     placed in the first 4GB address space. The Java Heap base address is the
#     maximum limit for the native heap growth. Please use -XX:HeapBaseMinAddress
#     to set the Java Heap base and to place the Java Heap above 4GB virtual address.
# This output file may be truncated or incomplete.
#
#  Out of Memory Error (./src/hotspot/share/memory/arena.cpp:197), pid=5744, tid=1896
#
# JRE version: OpenJDK Runtime Environment (11.0.11+9) (build 11.0.11+9-b60-7590822)
# Java VM: OpenJDK 64-Bit Server VM (11.0.11+9-b60-7590822, mixed mode, tiered, compressed oops, g1 gc, windows-amd64)
# No core dump will be written. Minidumps are not enabled by default on client versions of Windows
#

---------------  S U M M A R Y ------------

Command Line: --add-opens=java.base/java.util=ALL-UNNAMED --add-opens=java.base/java.lang=ALL-UNNAMED --add-opens=java.base/java.lang.invoke=ALL-UNNAMED --add-opens=java.base/java.util=ALL-UNNAMED --add-opens=java.prefs/java.util.prefs=ALL-UNNAMED --add-opens=java.prefs/java.util.prefs=ALL-UNNAMED --add-opens=java.base/java.nio.charset=ALL-UNNAMED --add-opens=java.base/java.net=ALL-UNNAMED --add-opens=java.base/java.util.concurrent.atomic=ALL-UNNAMED -Xmx2048m -Dfile.encoding=UTF-8 -Duser.country=US -Duser.language=en -Duser.variant org.gradle.launcher.daemon.bootstrap.GradleDaemon 7.2

Host: Intel(R) Core(TM) i5-7200U CPU @ 2.50GHz, 4 cores, 11G,  Windows 10 , 64 bit Build 19041 (10.0.19041.1645)
Time: Wed May  4 15:35:52 2022 SE Asia Standard Time elapsed time: 480.064389 seconds (0d 0h 8m 0s)

---------------  T H R E A D  ---------------

Current thread (0x000001755c87f800):  JavaThread "C2 CompilerThread0" daemon [_thread_in_native, id=1896, stack(0x0000006897c00000,0x0000006897d00000)]


Current CompileTask:
C2: 480064 13170       4       org.gradle.internal.reflect.ClassInspector::inspectClass (179 bytes)

Stack: [0x0000006897c00000,0x0000006897d00000]
Native frames: (J=compiled Java code, j=interpreted, Vv=VM code, C=native code)
V  [jvm.dll+0x5f214a]
V  [jvm.dll+0x726fb5]
V  [jvm.dll+0x7285cd]
V  [jvm.dll+0x728c83]
V  [jvm.dll+0x243278]
V  [jvm.dll+0xbc53c]
V  [jvm.dll+0xbca3c]
V  [jvm.dll+0x2b5c34]
V  [jvm.dll+0x508488]
V  [jvm.dll+0x1fd826]
V  [jvm.dll+0x1fb35f]
V  [jvm.dll+0x183d6c]
V  [jvm.dll+0x209a57]
V  [jvm.dll+0x2082a1]
V  [jvm.dll+0x6ef58f]
V  [jvm.dll+0x6e80b5]
V  [jvm.dll+0x5f1036]
C  [ucrtbase.dll+0x21bb2]
C  [KERNEL32.DLL+0x17034]
C  [ntdll.dll+0x52651]


---------------  P R O C E S S  ---------------

Threads class SMR info:
_java_thread_list=0x00000175624dd410, length=38, elements={
0x00000175423eb000, 0x000001755bffe800, 0x000001755bfff800, 0x000001755c875800,
0x000001755c878800, 0x000001755c87a800, 0x000001755c87f800, 0x000001755c880800,
0x000001755c88d800, 0x000001755c9de800, 0x000001755d912800, 0x000001755df22000,
0x000001755ee00800, 0x000001755cd9f800, 0x000001755cd9c800, 0x000001755cd9d000,
0x000001755cd9e800, 0x000001755cd9a800, 0x000001755cd9b800, 0x000001755fd71000,
0x000001755fd6f800, 0x000001755fd6d800, 0x000001755fd73800, 0x000001755fd79000,
0x000001755f88c000, 0x000001756239d800, 0x000001756239e800, 0x000001756239f000,
0x00000175623a0000, 0x00000175623a1000, 0x00000175623a1800, 0x000001756239c800,
0x00000175623a8000, 0x00000175623a6800, 0x00000175623a3000, 0x00000175623a5000,
0x00000175623a4000, 0x00000175623a5800
}

Java Threads: ( => current thread )
  0x00000175423eb000 JavaThread "main" [_thread_blocked, id=8256, stack(0x0000006897000000,0x0000006897100000)]
  0x000001755bffe800 JavaThread "Reference Handler" daemon [_thread_blocked, id=3328, stack(0x0000006897700000,0x0000006897800000)]
  0x000001755bfff800 JavaThread "Finalizer" daemon [_thread_blocked, id=484, stack(0x0000006897800000,0x0000006897900000)]
  0x000001755c875800 JavaThread "Signal Dispatcher" daemon [_thread_blocked, id=5368, stack(0x0000006897900000,0x0000006897a00000)]
  0x000001755c878800 JavaThread "Attach Listener" daemon [_thread_blocked, id=11868, stack(0x0000006897a00000,0x0000006897b00000)]
  0x000001755c87a800 JavaThread "Service Thread" daemon [_thread_blocked, id=4500, stack(0x0000006897b00000,0x0000006897c00000)]
=>0x000001755c87f800 JavaThread "C2 CompilerThread0" daemon [_thread_in_native, id=1896, stack(0x0000006897c00000,0x0000006897d00000)]
  0x000001755c880800 JavaThread "C1 CompilerThread0" daemon [_thread_blocked, id=11560, stack(0x0000006897d00000,0x0000006897e00000)]
  0x000001755c88d800 JavaThread "Sweeper thread" daemon [_thread_blocked, id=12692, stack(0x0000006897e00000,0x0000006897f00000)]
  0x000001755c9de800 JavaThread "Common-Cleaner" daemon [_thread_blocked, id=14144, stack(0x0000006897f00000,0x0000006898000000)]
  0x000001755d912800 JavaThread "Daemon health stats" [_thread_blocked, id=7076, stack(0x0000006898100000,0x0000006898200000)]
  0x000001755df22000 JavaThread "Incoming local TCP Connector on port 59875" [_thread_in_native, id=9028, stack(0x0000006898500000,0x0000006898600000)]
  0x000001755ee00800 JavaThread "Daemon periodic checks" [_thread_blocked, id=7736, stack(0x0000006898600000,0x0000006898700000)]
  0x000001755cd9f800 JavaThread "Cache worker for journal cache (C:\Users\thyca\.gradle\caches\journal-1)" [_thread_blocked, id=1780, stack(0x0000006898e00000,0x0000006898f00000)]
  0x000001755cd9c800 JavaThread "File lock request listener" [_thread_in_native, id=588, stack(0x0000006898f00000,0x0000006899000000)]
  0x000001755cd9d000 JavaThread "Cache worker for file hash cache (C:\Users\thyca\.gradle\caches\7.2\fileHashes)" [_thread_blocked, id=3744, stack(0x0000006899000000,0x0000006899100000)]
  0x000001755cd9e800 JavaThread "File watcher server" daemon [_thread_in_native, id=1120, stack(0x0000006899200000,0x0000006899300000)]
  0x000001755cd9a800 JavaThread "File watcher consumer" daemon [_thread_blocked, id=5952, stack(0x0000006899300000,0x0000006899400000)]
  0x000001755cd9b800 JavaThread "jar transforms" [_thread_blocked, id=600, stack(0x0000006899500000,0x0000006899600000)]
  0x000001755fd71000 JavaThread "jar transforms Thread 2" [_thread_blocked, id=8336, stack(0x0000006899600000,0x0000006899700000)]
  0x000001755fd6f800 JavaThread "jar transforms Thread 3" [_thread_blocked, id=8572, stack(0x0000006899700000,0x0000006899800000)]
  0x000001755fd6d800 JavaThread "jar transforms Thread 4" [_thread_blocked, id=11452, stack(0x0000006899800000,0x0000006899900000)]
  0x000001755fd73800 JavaThread "Cache worker for execution history cache (C:\Users\thyca\.gradle\caches\7.2\executionHistory)" [_thread_blocked, id=4480, stack(0x0000006899c00000,0x0000006899d00000)]
  0x000001755fd79000 JavaThread "Cache worker for file content cache (C:\Users\thyca\.gradle\caches\7.2\fileContent)" [_thread_blocked, id=5980, stack(0x0000006899d00000,0x0000006899e00000)]
  0x000001755f88c000 JavaThread "Memory manager" [_thread_blocked, id=10132, stack(0x000000689c700000,0x000000689c800000)]
  0x000001756239d800 JavaThread "Daemon Thread 2" [_thread_blocked, id=5300, stack(0x0000006896d00000,0x0000006896e00000)]
  0x000001756239e800 JavaThread "Handler for socket connection from /127.0.0.1:59875 to /127.0.0.1:60071" [_thread_in_native, id=12940, stack(0x0000006896e00000,0x0000006896f00000)]
  0x000001756239f000 JavaThread "Cancel handler" [_thread_blocked, id=7276, stack(0x0000006896f00000,0x0000006897000000)]
  0x00000175623a0000 JavaThread "Daemon worker Thread 2" [_thread_in_native, id=8200, stack(0x0000006898700000,0x0000006898800000)]
  0x00000175623a1000 JavaThread "Asynchronous log dispatcher for DefaultDaemonConnection: socket connection from /127.0.0.1:59875 to /127.0.0.1:60071" [_thread_blocked, id=3276, stack(0x0000006898800000,0x0000006898900000)]
  0x00000175623a1800 JavaThread "Stdin handler" [_thread_blocked, id=4864, stack(0x0000006898900000,0x0000006898a00000)]
  0x000001756239c800 JavaThread "Daemon client event forwarder" [_thread_blocked, id=10344, stack(0x0000006898a00000,0x0000006898b00000)]
  0x00000175623a8000 JavaThread "Cache worker for file hash cache (D:\Quang\DELIVERY\.gradle\7.2\fileHashes)" [_thread_blocked, id=12772, stack(0x0000006898b00000,0x0000006898c00000)]
  0x00000175623a6800 JavaThread "Cache worker for checksums cache (D:\Quang\DELIVERY\.gradle\checksums)" [_thread_blocked, id=3196, stack(0x0000006898c00000,0x0000006898d00000)]
  0x00000175623a3000 JavaThread "Cache worker for cache directory md-supplier (C:\Users\thyca\.gradle\caches\7.2\md-supplier)" [_thread_blocked, id=2236, stack(0x0000006898d00000,0x0000006898e00000)]
  0x00000175623a5000 JavaThread "Cache worker for cache directory md-rule (C:\Users\thyca\.gradle\caches\7.2\md-rule)" [_thread_blocked, id=6792, stack(0x0000006899100000,0x0000006899200000)]
  0x00000175623a4000 JavaThread "Cache worker for dependencies-accessors (D:\Quang\DELIVERY\.gradle\7.2\dependencies-accessors)" [_thread_blocked, id=8420, stack(0x0000006899400000,0x0000006899500000)]
  0x00000175623a5800 JavaThread "Cache worker for Build Output Cleanup Cache (D:\Quang\DELIVERY\.gradle\buildOutputCleanup)" [_thread_blocked, id=8788, stack(0x0000006899900000,0x0000006899a00000)]

Other Threads:
  0x000001755c824800 VMThread "VM Thread" [stack: 0x0000006897600000,0x0000006897700000] [id=5312]
  0x000001755c9e1000 WatcherThread [stack: 0x0000006898000000,0x0000006898100000] [id=7368]
  0x0000017542403800 GCTaskThread "GC Thread#0" [stack: 0x0000006897100000,0x0000006897200000] [id=7624]
  0x000001755d4e8000 GCTaskThread "GC Thread#1" [stack: 0x0000006898200000,0x0000006898300000] [id=6580]
  0x000001755d4e9000 GCTaskThread "GC Thread#2" [stack: 0x0000006898300000,0x0000006898400000] [id=4888]
  0x000001755d11b000 GCTaskThread "GC Thread#3" [stack: 0x0000006898400000,0x0000006898500000] [id=1304]
  0x0000017542435800 ConcurrentGCThread "G1 Main Marker" [stack: 0x0000006897200000,0x0000006897300000] [id=11116]
  0x0000017542437000 ConcurrentGCThread "G1 Conc#0" [stack: 0x0000006897300000,0x0000006897400000] [id=9120]
  0x000001755be4c800 ConcurrentGCThread "G1 Refine#0" [stack: 0x0000006897400000,0x0000006897500000] [id=6476]
  0x000001755be4d000 ConcurrentGCThread "G1 Young RemSet Sampling" [stack: 0x0000006897500000,0x0000006897600000] [id=3480]

Threads with active compile tasks:
C2 CompilerThread0 480576 13170       4       org.gradle.internal.reflect.ClassInspector::inspectClass (179 bytes)

VM state:not at safepoint (normal execution)

VM Mutex/Monitor currently owned by a thread: None

Heap address: 0x0000000080000000, size: 2048 MB, Compressed Oops mode: 32-bit
Narrow klass base: 0x0000000000000000, Narrow klass shift: 3
Compressed class space size: 1073741824 Address: 0x0000000100000000

Heap:
 garbage-first heap   total 194560K, used 159116K [0x0000000080000000, 0x0000000100000000)
  region size 1024K, 28 young (28672K), 1 survivors (1024K)
 Metaspace       used 107882K, capacity 111162K, committed 111440K, reserved 1146880K
  class space    used 13981K, capacity 15125K, committed 15232K, reserved 1048576K
Heap Regions: E=young(eden), S=young(survivor), O=old, HS=humongous(starts), HC=humongous(continues), CS=collection set, F=free, A=archive, TAMS=top-at-mark-start (previous, next)
|   0|0x0000000080000000, 0x0000000080100000, 0x0000000080100000|100%| O|  |TAMS 0x0000000080100000, 0x0000000080000000| Untracked 
|   1|0x0000000080100000, 0x0000000080200000, 0x0000000080200000|100%| O|  |TAMS 0x0000000080200000, 0x0000000080100000| Untracked 
|   2|0x0000000080200000, 0x0000000080300000, 0x0000000080300000|100%| O|  |TAMS 0x0000000080300000, 0x0000000080200000| Untracked 
|   3|0x0000000080300000, 0x0000000080400000, 0x0000000080400000|100%|HS|  |TAMS 0x0000000080400000, 0x0000000080300000| Complete 
|   4|0x0000000080400000, 0x0000000080500000, 0x0000000080500000|100%|HC|  |TAMS 0x0000000080500000, 0x0000000080400000| Complete 
|   5|0x0000000080500000, 0x0000000080600000, 0x0000000080600000|100%|HC|  |TAMS 0x0000000080600000, 0x0000000080500000| Complete 
|   6|0x0000000080600000, 0x0000000080700000, 0x0000000080700000|100%| O|  |TAMS 0x0000000080700000, 0x0000000080600000| Complete 
|   7|0x0000000080700000, 0x0000000080800000, 0x0000000080800000|100%| O|  |TAMS 0x0000000080800000, 0x0000000080700000| Untracked 
|   8|0x0000000080800000, 0x0000000080900000, 0x0000000080900000|100%| O|  |TAMS 0x0000000080900000, 0x0000000080800000| Untracked 
|   9|0x0000000080900000, 0x0000000080a00000, 0x0000000080a00000|100%| O|  |TAMS 0x0000000080a00000, 0x0000000080900000| Untracked 
|  10|0x0000000080a00000, 0x0000000080b00000, 0x0000000080b00000|100%| O|  |TAMS 0x0000000080b00000, 0x0000000080a00000| Complete 
|  11|0x0000000080b00000, 0x0000000080c00000, 0x0000000080c00000|100%| O|  |TAMS 0x0000000080c00000, 0x0000000080b00000| Untracked 
|  12|0x0000000080c00000, 0x0000000080d00000, 0x0000000080d00000|100%| O|  |TAMS 0x0000000080d00000, 0x0000000080c00000| Untracked 
|  13|0x0000000080d00000, 0x0000000080e00000, 0x0000000080e00000|100%| O|  |TAMS 0x0000000080e00000, 0x0000000080d00000| Untracked 
|  14|0x0000000080e00000, 0x0000000080f00000, 0x0000000080f00000|100%| O|  |TAMS 0x0000000080f00000, 0x0000000080e00000| Untracked 
|  15|0x0000000080f00000, 0x0000000081000000, 0x0000000081000000|100%| O|  |TAMS 0x0000000081000000, 0x0000000080f00000| Untracked 
|  16|0x0000000081000000, 0x0000000081100000, 0x0000000081100000|100%| O|  |TAMS 0x0000000081100000, 0x0000000081000000| Untracked 
|  17|0x0000000081100000, 0x0000000081200000, 0x0000000081200000|100%|HS|  |TAMS 0x0000000081200000, 0x0000000081100000| Complete 
|  18|0x0000000081200000, 0x0000000081300000, 0x0000000081300000|100%|HC|  |TAMS 0x0000000081300000, 0x0000000081200000| Complete 
|  19|0x0000000081300000, 0x0000000081400000, 0x0000000081400000|100%|HS|  |TAMS 0x0000000081400000, 0x0000000081300000| Complete 
|  20|0x0000000081400000, 0x0000000081500000, 0x0000000081500000|100%|HC|  |TAMS 0x0000000081500000, 0x0000000081400000| Complete 
|  21|0x0000000081500000, 0x0000000081600000, 0x0000000081600000|100%|HC|  |TAMS 0x0000000081600000, 0x0000000081500000| Complete 
|  22|0x0000000081600000, 0x0000000081700000, 0x0000000081700000|100%|HS|  |TAMS 0x0000000081700000, 0x0000000081600000| Complete 
|  23|0x0000000081700000, 0x0000000081800000, 0x0000000081800000|100%|HC|  |TAMS 0x0000000081800000, 0x0000000081700000| Complete 
|  24|0x0000000081800000, 0x0000000081900000, 0x0000000081900000|100%|HC|  |TAMS 0x0000000081900000, 0x0000000081800000| Complete 
|  25|0x0000000081900000, 0x0000000081a00000, 0x0000000081a00000|100%|HC|  |TAMS 0x0000000081a00000, 0x0000000081900000| Complete 
|  26|0x0000000081a00000, 0x0000000081b00000, 0x0000000081b00000|100%| O|  |TAMS 0x0000000081b00000, 0x0000000081a00000| Complete 
|  27|0x0000000081b00000, 0x0000000081c00000, 0x0000000081c00000|100%| O|  |TAMS 0x0000000081c00000, 0x0000000081b00000| Untracked 
|  28|0x0000000081c00000, 0x0000000081d00000, 0x0000000081d00000|100%| O|  |TAMS 0x0000000081d00000, 0x0000000081c00000| Untracked 
|  29|0x0000000081d00000, 0x0000000081e00000, 0x0000000081e00000|100%| O|  |TAMS 0x0000000081e00000, 0x0000000081d00000| Complete 
|  30|0x0000000081e00000, 0x0000000081f00000, 0x0000000081f00000|100%| O|  |TAMS 0x0000000081f00000, 0x0000000081e00000| Complete 
|  31|0x0000000081f00000, 0x0000000082000000, 0x0000000082000000|100%| O|  |TAMS 0x0000000082000000, 0x0000000081f00000| Complete 
|  32|0x0000000082000000, 0x0000000082100000, 0x0000000082100000|100%| O|  |TAMS 0x0000000082100000, 0x0000000082000000| Untracked 
|  33|0x0000000082100000, 0x0000000082200000, 0x0000000082200000|100%| O|  |TAMS 0x0000000082200000, 0x0000000082100000| Complete 
|  34|0x0000000082200000, 0x0000000082300000, 0x0000000082300000|100%| O|  |TAMS 0x0000000082300000, 0x0000000082200000| Untracked 
|  35|0x0000000082300000, 0x0000000082400000, 0x0000000082400000|100%|HS|  |TAMS 0x0000000082400000, 0x0000000082300000| Complete 
|  36|0x0000000082400000, 0x0000000082500000, 0x0000000082500000|100%|HC|  |TAMS 0x0000000082500000, 0x0000000082400000| Complete 
|  37|0x0000000082500000, 0x0000000082600000, 0x0000000082600000|100%|HC|  |TAMS 0x0000000082600000, 0x0000000082500000| Complete 
|  38|0x0000000082600000, 0x0000000082700000, 0x0000000082700000|100%| O|  |TAMS 0x0000000082700000, 0x0000000082600000| Untracked 
|  39|0x0000000082700000, 0x0000000082800000, 0x0000000082800000|100%| O|  |TAMS 0x0000000082800000, 0x0000000082700000| Untracked 
|  40|0x0000000082800000, 0x0000000082900000, 0x0000000082900000|100%|HS|  |TAMS 0x0000000082900000, 0x0000000082800000| Complete 
|  41|0x0000000082900000, 0x0000000082a00000, 0x0000000082a00000|100%|HC|  |TAMS 0x0000000082a00000, 0x0000000082900000| Complete 
|  42|0x0000000082a00000, 0x0000000082b00000, 0x0000000082b00000|100%|HC|  |TAMS 0x0000000082b00000, 0x0000000082a00000| Complete 
|  43|0x0000000082b00000, 0x0000000082c00000, 0x0000000082c00000|100%|HC|  |TAMS 0x0000000082c00000, 0x0000000082b00000| Complete 
|  44|0x0000000082c00000, 0x0000000082d00000, 0x0000000082d00000|100%| O|  |TAMS 0x0000000082d00000, 0x0000000082c00000| Untracked 
|  45|0x0000000082d00000, 0x0000000082e00000, 0x0000000082e00000|100%| O|  |TAMS 0x0000000082e00000, 0x0000000082d00000| Untracked 
|  46|0x0000000082e00000, 0x0000000082f00000, 0x0000000082f00000|100%| O|  |TAMS 0x0000000082f00000, 0x0000000082e00000| Untracked 
|  47|0x0000000082f00000, 0x0000000083000000, 0x0000000083000000|100%| O|  |TAMS 0x0000000083000000, 0x0000000082f00000| Untracked 
|  48|0x0000000083000000, 0x0000000083100000, 0x0000000083100000|100%| O|  |TAMS 0x0000000083100000, 0x0000000083000000| Untracked 
|  49|0x0000000083100000, 0x0000000083200000, 0x0000000083200000|100%| O|  |TAMS 0x0000000083200000, 0x0000000083100000| Untracked 
|  50|0x0000000083200000, 0x0000000083300000, 0x0000000083300000|100%| O|  |TAMS 0x0000000083300000, 0x0000000083200000| Untracked 
|  51|0x0000000083300000, 0x0000000083400000, 0x0000000083400000|100%| O|  |TAMS 0x0000000083400000, 0x0000000083300000| Complete 
|  52|0x0000000083400000, 0x0000000083500000, 0x0000000083500000|100%| O|  |TAMS 0x0000000083500000, 0x0000000083400000| Complete 
|  53|0x0000000083500000, 0x0000000083600000, 0x0000000083600000|100%| O|  |TAMS 0x0000000083600000, 0x0000000083500000| Complete 
|  54|0x0000000083600000, 0x0000000083700000, 0x0000000083700000|100%| O|  |TAMS 0x0000000083700000, 0x0000000083600000| Complete 
|  55|0x0000000083700000, 0x0000000083800000, 0x0000000083800000|100%|HS|  |TAMS 0x0000000083800000, 0x0000000083700000| Complete 
|  56|0x0000000083800000, 0x0000000083900000, 0x0000000083900000|100%|HS|  |TAMS 0x0000000083900000, 0x0000000083800000| Complete 
|  57|0x0000000083900000, 0x0000000083a00000, 0x0000000083a00000|100%|HS|  |TAMS 0x0000000083a00000, 0x0000000083900000| Complete 
|  58|0x0000000083a00000, 0x0000000083b00000, 0x0000000083b00000|100%|HS|  |TAMS 0x0000000083b00000, 0x0000000083a00000| Complete 
|  59|0x0000000083b00000, 0x0000000083c00000, 0x0000000083c00000|100%|HC|  |TAMS 0x0000000083c00000, 0x0000000083b00000| Complete 
|  60|0x0000000083c00000, 0x0000000083d00000, 0x0000000083d00000|100%| O|  |TAMS 0x0000000083d00000, 0x0000000083c00000| Complete 
|  61|0x0000000083d00000, 0x0000000083d00000, 0x0000000083e00000|  0%| F|  |TAMS 0x0000000083d00000, 0x0000000083d00000| Untracked 
|  62|0x0000000083e00000, 0x0000000083e00000, 0x0000000083f00000|  0%| F|  |TAMS 0x0000000083e00000, 0x0000000083e00000| Untracked 
|  63|0x0000000083f00000, 0x0000000084000000, 0x0000000084000000|100%| O|  |TAMS 0x0000000084000000, 0x0000000083f00000| Untracked 
|  64|0x0000000084000000, 0x0000000084100000, 0x0000000084100000|100%| O|  |TAMS 0x0000000084100000, 0x0000000084000000| Complete 
|  65|0x0000000084100000, 0x0000000084200000, 0x0000000084200000|100%| O|  |TAMS 0x0000000084200000, 0x0000000084100000| Untracked 
|  66|0x0000000084200000, 0x0000000084300000, 0x0000000084300000|100%| O|  |TAMS 0x0000000084300000, 0x0000000084200000| Complete 
|  67|0x0000000084300000, 0x0000000084400000, 0x0000000084400000|100%| O|  |TAMS 0x0000000084400000, 0x0000000084300000| Untracked 
|  68|0x0000000084400000, 0x0000000084500000, 0x0000000084500000|100%| O|  |TAMS 0x0000000084500000, 0x0000000084400000| Untracked 
|  69|0x0000000084500000, 0x0000000084600000, 0x0000000084600000|100%| O|  |TAMS 0x0000000084600000, 0x0000000084500000| Untracked 
|  70|0x0000000084600000, 0x0000000084700000, 0x0000000084700000|100%| O|  |TAMS 0x0000000084700000, 0x0000000084600000| Complete 
|  71|0x0000000084700000, 0x0000000084800000, 0x0000000084800000|100%| O|  |TAMS 0x0000000084800000, 0x0000000084700000| Complete 
|  72|0x0000000084800000, 0x0000000084900000, 0x0000000084900000|100%| O|  |TAMS 0x0000000084900000, 0x0000000084800000| Complete 
|  73|0x0000000084900000, 0x0000000084a00000, 0x0000000084a00000|100%| O|  |TAMS 0x0000000084a00000, 0x0000000084900000| Complete 
|  74|0x0000000084a00000, 0x0000000084b00000, 0x0000000084b00000|100%| O|  |TAMS 0x0000000084b00000, 0x0000000084a00000| Complete 
|  75|0x0000000084b00000, 0x0000000084c00000, 0x0000000084c00000|100%| O|  |TAMS 0x0000000084c00000, 0x0000000084b00000| Untracked 
|  76|0x0000000084c00000, 0x0000000084d00000, 0x0000000084d00000|100%| O|  |TAMS 0x0000000084d00000, 0x0000000084c00000| Untracked 
|  77|0x0000000084d00000, 0x0000000084e00000, 0x0000000084e00000|100%| O|  |TAMS 0x0000000084e00000, 0x0000000084d00000| Complete 
|  78|0x0000000084e00000, 0x0000000084f00000, 0x0000000084f00000|100%| O|  |TAMS 0x0000000084f00000, 0x0000000084e00000| Untracked 
|  79|0x0000000084f00000, 0x0000000085000000, 0x0000000085000000|100%| O|  |TAMS 0x0000000085000000, 0x0000000084f00000| Untracked 
|  80|0x0000000085000000, 0x0000000085100000, 0x0000000085100000|100%|HS|  |TAMS 0x0000000085100000, 0x0000000085000000| Complete 
|  81|0x0000000085100000, 0x0000000085200000, 0x0000000085200000|100%|HC|  |TAMS 0x0000000085200000, 0x0000000085100000| Complete 
|  82|0x0000000085200000, 0x0000000085300000, 0x0000000085300000|100%|HS|  |TAMS 0x0000000085300000, 0x0000000085200000| Complete 
|  83|0x0000000085300000, 0x0000000085400000, 0x0000000085400000|100%|HC|  |TAMS 0x0000000085400000, 0x0000000085300000| Complete 
|  84|0x0000000085400000, 0x0000000085500000, 0x0000000085500000|100%|HC|  |TAMS 0x0000000085500000, 0x0000000085400000| Complete 
|  85|0x0000000085500000, 0x0000000085600000, 0x0000000085600000|100%| O|  |TAMS 0x0000000085600000, 0x0000000085500000| Complete 
|  86|0x0000000085600000, 0x0000000085700000, 0x0000000085700000|100%|HS|  |TAMS 0x0000000085700000, 0x0000000085600000| Complete 
|  87|0x0000000085700000, 0x0000000085800000, 0x0000000085800000|100%|HC|  |TAMS 0x0000000085800000, 0x0000000085700000| Complete 
|  88|0x0000000085800000, 0x0000000085900000, 0x0000000085900000|100%|HC|  |TAMS 0x0000000085900000, 0x0000000085800000| Complete 
|  89|0x0000000085900000, 0x0000000085a00000, 0x0000000085a00000|100%|HC|  |TAMS 0x0000000085a00000, 0x0000000085900000| Complete 
|  90|0x0000000085a00000, 0x0000000085b00000, 0x0000000085b00000|100%| O|  |TAMS 0x0000000085b00000, 0x0000000085a00000| Untracked 
|  91|0x0000000085b00000, 0x0000000085c00000, 0x0000000085c00000|100%| O|  |TAMS 0x0000000085c00000, 0x0000000085b00000| Untracked 
|  92|0x0000000085c00000, 0x0000000085d00000, 0x0000000085d00000|100%| O|  |TAMS 0x0000000085d00000, 0x0000000085c00000| Untracked 
|  93|0x0000000085d00000, 0x0000000085e00000, 0x0000000085e00000|100%| O|  |TAMS 0x0000000085e00000, 0x0000000085d00000| Untracked 
|  94|0x0000000085e00000, 0x0000000085f00000, 0x0000000085f00000|100%| O|  |TAMS 0x0000000085f00000, 0x0000000085e00000| Complete 
|  95|0x0000000085f00000, 0x0000000086000000, 0x0000000086000000|100%| O|  |TAMS 0x0000000086000000, 0x0000000085f00000| Complete 
|  96|0x0000000086000000, 0x0000000086100000, 0x0000000086100000|100%| O|  |TAMS 0x0000000086100000, 0x0000000086000000| Complete 
|  97|0x0000000086100000, 0x0000000086200000, 0x0000000086200000|100%| O|  |TAMS 0x0000000086200000, 0x0000000086100000| Untracked 
|  98|0x0000000086200000, 0x0000000086300000, 0x0000000086300000|100%| O|  |TAMS 0x0000000086300000, 0x0000000086200000| Untracked 
|  99|0x0000000086300000, 0x0000000086400000, 0x0000000086400000|100%| O|  |TAMS 0x0000000086400000, 0x0000000086300000| Untracked 
| 100|0x0000000086400000, 0x0000000086500000, 0x0000000086500000|100%| O|  |TAMS 0x0000000086500000, 0x0000000086400000| Complete 
| 101|0x0000000086500000, 0x0000000086600000, 0x0000000086600000|100%| O|  |TAMS 0x0000000086600000, 0x0000000086500000| Complete 
| 102|0x0000000086600000, 0x0000000086700000, 0x0000000086700000|100%| O|  |TAMS 0x0000000086700000, 0x0000000086600000| Complete 
| 103|0x0000000086700000, 0x0000000086800000, 0x0000000086800000|100%| O|  |TAMS 0x0000000086800000, 0x0000000086700000| Untracked 
| 104|0x0000000086800000, 0x0000000086900000, 0x0000000086900000|100%| O|  |TAMS 0x0000000086900000, 0x0000000086800000| Untracked 
| 105|0x0000000086900000, 0x0000000086a00000, 0x0000000086a00000|100%| O|  |TAMS 0x0000000086a00000, 0x0000000086900000| Complete 
| 106|0x0000000086a00000, 0x0000000086b00000, 0x0000000086b00000|100%| O|  |TAMS 0x0000000086b00000, 0x0000000086a00000| Complete 
| 107|0x0000000086b00000, 0x0000000086c00000, 0x0000000086c00000|100%| O|  |TAMS 0x0000000086c00000, 0x0000000086b00000| Complete 
| 108|0x0000000086c00000, 0x0000000086d00000, 0x0000000086d00000|100%| O|  |TAMS 0x0000000086d00000, 0x0000000086c00000| Complete 
| 109|0x0000000086d00000, 0x0000000086e00000, 0x0000000086e00000|100%| O|  |TAMS 0x0000000086e00000, 0x0000000086d00000| Untracked 
| 110|0x0000000086e00000, 0x0000000086f00000, 0x0000000086f00000|100%| O|  |TAMS 0x0000000086f00000, 0x0000000086e00000| Untracked 
| 111|0x0000000086f00000, 0x0000000087000000, 0x0000000087000000|100%| O|  |TAMS 0x0000000087000000, 0x0000000086f00000| Complete 
| 112|0x0000000087000000, 0x0000000087100000, 0x0000000087100000|100%| O|  |TAMS 0x0000000087100000, 0x0000000087000000| Complete 
| 113|0x0000000087100000, 0x0000000087200000, 0x0000000087200000|100%| O|  |TAMS 0x0000000087200000, 0x0000000087100000| Complete 
| 114|0x0000000087200000, 0x0000000087300000, 0x0000000087300000|100%| O|  |TAMS 0x0000000087300000, 0x0000000087200000| Untracked 
| 115|0x0000000087300000, 0x0000000087400000, 0x0000000087400000|100%| O|  |TAMS 0x0000000087400000, 0x0000000087300000| Complete 
| 116|0x0000000087400000, 0x0000000087500000, 0x0000000087500000|100%| O|  |TAMS 0x0000000087500000, 0x0000000087400000| Complete 
| 117|0x0000000087500000, 0x0000000087600000, 0x0000000087600000|100%| O|  |TAMS 0x0000000087600000, 0x0000000087500000| Complete 
| 118|0x0000000087600000, 0x0000000087700000, 0x0000000087700000|100%| O|  |TAMS 0x0000000087700000, 0x0000000087600000| Complete 
| 119|0x0000000087700000, 0x0000000087800000, 0x0000000087800000|100%| O|  |TAMS 0x0000000087800000, 0x0000000087700000| Complete 
| 120|0x0000000087800000, 0x0000000087900000, 0x0000000087900000|100%| O|  |TAMS 0x0000000087900000, 0x0000000087800000| Complete 
| 121|0x0000000087900000, 0x0000000087a00000, 0x0000000087a00000|100%| O|  |TAMS 0x0000000087a00000, 0x0000000087900000| Complete 
| 122|0x0000000087a00000, 0x0000000087b00000, 0x0000000087b00000|100%| O|  |TAMS 0x0000000087b00000, 0x0000000087a00000| Complete 
| 123|0x0000000087b00000, 0x0000000087c00000, 0x0000000087c00000|100%| O|  |TAMS 0x0000000087c00000, 0x0000000087b00000| Untracked 
| 124|0x0000000087c00000, 0x0000000087d00000, 0x0000000087d00000|100%| O|  |TAMS 0x0000000087d00000, 0x0000000087c00000| Complete 
| 125|0x0000000087d00000, 0x0000000087e00000, 0x0000000087e00000|100%| O|  |TAMS 0x0000000087e00000, 0x0000000087d00000| Complete 
| 126|0x0000000087e00000, 0x0000000087f00000, 0x0000000087f00000|100%| O|  |TAMS 0x0000000087f00000, 0x0000000087e00000| Complete 
| 127|0x0000000087f00000, 0x0000000088000000, 0x0000000088000000|100%| O|  |TAMS 0x0000000088000000, 0x0000000087f00000| Complete 
| 128|0x0000000088000000, 0x0000000088100000, 0x0000000088100000|100%| O|  |TAMS 0x0000000088100000, 0x0000000088000000| Untracked 
| 129|0x0000000088100000, 0x0000000088200000, 0x0000000088200000|100%| O|  |TAMS 0x0000000088200000, 0x0000000088100000| Untracked 
| 130|0x0000000088200000, 0x0000000088300000, 0x0000000088300000|100%| O|  |TAMS 0x0000000088300000, 0x0000000088200000| Complete 
| 131|0x0000000088300000, 0x0000000088400000, 0x0000000088400000|100%| O|  |TAMS 0x0000000088400000, 0x0000000088300000| Complete 
| 132|0x0000000088400000, 0x0000000088400000, 0x0000000088500000|  0%| F|  |TAMS 0x0000000088400000, 0x0000000088400000| Untracked 
| 133|0x0000000088500000, 0x0000000088500000, 0x0000000088600000|  0%| F|  |TAMS 0x0000000088500000, 0x0000000088500000| Untracked 
| 134|0x0000000088600000, 0x0000000088600000, 0x0000000088700000|  0%| F|  |TAMS 0x0000000088600000, 0x0000000088600000| Untracked 
| 135|0x0000000088700000, 0x0000000088700000, 0x0000000088800000|  0%| F|  |TAMS 0x0000000088700000, 0x0000000088700000| Untracked 
| 136|0x0000000088800000, 0x0000000088800000, 0x0000000088900000|  0%| F|  |TAMS 0x0000000088800000, 0x0000000088800000| Untracked 
| 137|0x0000000088900000, 0x0000000088900000, 0x0000000088a00000|  0%| F|  |TAMS 0x0000000088900000, 0x0000000088900000| Untracked 
| 138|0x0000000088a00000, 0x0000000088a00000, 0x0000000088b00000|  0%| F|  |TAMS 0x0000000088a00000, 0x0000000088a00000| Untracked 
| 139|0x0000000088b00000, 0x0000000088b00000, 0x0000000088c00000|  0%| F|  |TAMS 0x0000000088b00000, 0x0000000088b00000| Untracked 
| 140|0x0000000088c00000, 0x0000000088c00000, 0x0000000088d00000|  0%| F|  |TAMS 0x0000000088c00000, 0x0000000088c00000| Untracked 
| 141|0x0000000088d00000, 0x0000000088d00000, 0x0000000088e00000|  0%| F|  |TAMS 0x0000000088d00000, 0x0000000088d00000| Untracked 
| 142|0x0000000088e00000, 0x0000000088e00000, 0x0000000088f00000|  0%| F|  |TAMS 0x0000000088e00000, 0x0000000088e00000| Untracked 
| 143|0x0000000088f00000, 0x0000000088f00000, 0x0000000089000000|  0%| F|  |TAMS 0x0000000088f00000, 0x0000000088f00000| Untracked 
| 144|0x0000000089000000, 0x0000000089000000, 0x0000000089100000|  0%| F|  |TAMS 0x0000000089000000, 0x0000000089000000| Untracked 
| 145|0x0000000089100000, 0x0000000089100000, 0x0000000089200000|  0%| F|  |TAMS 0x0000000089100000, 0x0000000089100000| Untracked 
| 146|0x0000000089200000, 0x0000000089200000, 0x0000000089300000|  0%| F|  |TAMS 0x0000000089200000, 0x0000000089200000| Untracked 
| 147|0x0000000089300000, 0x0000000089300000, 0x0000000089400000|  0%| F|  |TAMS 0x0000000089300000, 0x0000000089300000| Untracked 
| 148|0x0000000089400000, 0x0000000089400000, 0x0000000089500000|  0%| F|  |TAMS 0x0000000089400000, 0x0000000089400000| Untracked 
| 149|0x0000000089500000, 0x0000000089500000, 0x0000000089600000|  0%| F|  |TAMS 0x0000000089500000, 0x0000000089500000| Untracked 
| 150|0x0000000089600000, 0x0000000089600000, 0x0000000089700000|  0%| F|  |TAMS 0x0000000089600000, 0x0000000089600000| Untracked 
| 151|0x0000000089700000, 0x0000000089700000, 0x0000000089800000|  0%| F|  |TAMS 0x0000000089700000, 0x0000000089700000| Untracked 
| 152|0x0000000089800000, 0x0000000089800000, 0x0000000089900000|  0%| F|  |TAMS 0x0000000089800000, 0x0000000089800000| Untracked 
| 153|0x0000000089900000, 0x0000000089900000, 0x0000000089a00000|  0%| F|  |TAMS 0x0000000089900000, 0x0000000089900000| Untracked 
| 154|0x0000000089a00000, 0x0000000089a00000, 0x0000000089b00000|  0%| F|  |TAMS 0x0000000089a00000, 0x0000000089a00000| Untracked 
| 155|0x0000000089b00000, 0x0000000089b00000, 0x0000000089c00000|  0%| F|  |TAMS 0x0000000089b00000, 0x0000000089b00000| Untracked 
| 156|0x0000000089c00000, 0x0000000089c00000, 0x0000000089d00000|  0%| F|  |TAMS 0x0000000089c00000, 0x0000000089c00000| Untracked 
| 157|0x0000000089d00000, 0x0000000089d00000, 0x0000000089e00000|  0%| F|  |TAMS 0x0000000089d00000, 0x0000000089d00000| Untracked 
| 158|0x0000000089e00000, 0x0000000089e00000, 0x0000000089f00000|  0%| F|  |TAMS 0x0000000089e00000, 0x0000000089e00000| Untracked 
| 159|0x0000000089f00000, 0x0000000089f00000, 0x000000008a000000|  0%| F|  |TAMS 0x0000000089f00000, 0x0000000089f00000| Untracked 
| 160|0x000000008a000000, 0x000000008a0630d8, 0x000000008a100000| 38%| S|CS|TAMS 0x000000008a000000, 0x000000008a000000| Complete 
| 161|0x000000008a100000, 0x000000008a100000, 0x000000008a200000|  0%| F|  |TAMS 0x000000008a100000, 0x000000008a100000| Untracked 
| 162|0x000000008a200000, 0x000000008a200000, 0x000000008a300000|  0%| F|  |TAMS 0x000000008a200000, 0x000000008a200000| Untracked 
| 163|0x000000008a300000, 0x000000008a349348, 0x000000008a400000| 28%| E|  |TAMS 0x000000008a300000, 0x000000008a300000| Complete 
| 164|0x000000008a400000, 0x000000008a500000, 0x000000008a500000|100%| E|CS|TAMS 0x000000008a400000, 0x000000008a400000| Complete 
| 165|0x000000008a500000, 0x000000008a600000, 0x000000008a600000|100%| E|CS|TAMS 0x000000008a500000, 0x000000008a500000| Complete 
| 166|0x000000008a600000, 0x000000008a700000, 0x000000008a700000|100%| E|CS|TAMS 0x000000008a600000, 0x000000008a600000| Complete 
| 167|0x000000008a700000, 0x000000008a800000, 0x000000008a800000|100%| E|CS|TAMS 0x000000008a700000, 0x000000008a700000| Complete 
| 168|0x000000008a800000, 0x000000008a900000, 0x000000008a900000|100%| E|CS|TAMS 0x000000008a800000, 0x000000008a800000| Complete 
| 169|0x000000008a900000, 0x000000008aa00000, 0x000000008aa00000|100%| E|CS|TAMS 0x000000008a900000, 0x000000008a900000| Complete 
| 170|0x000000008aa00000, 0x000000008ab00000, 0x000000008ab00000|100%| E|CS|TAMS 0x000000008aa00000, 0x000000008aa00000| Complete 
| 171|0x000000008ab00000, 0x000000008ac00000, 0x000000008ac00000|100%| E|CS|TAMS 0x000000008ab00000, 0x000000008ab00000| Complete 
| 172|0x000000008ac00000, 0x000000008ad00000, 0x000000008ad00000|100%| E|CS|TAMS 0x000000008ac00000, 0x000000008ac00000| Complete 
| 173|0x000000008ad00000, 0x000000008ae00000, 0x000000008ae00000|100%| E|  |TAMS 0x000000008ad00000, 0x000000008ad00000| Complete 
| 174|0x000000008ae00000, 0x000000008af00000, 0x000000008af00000|100%| E|CS|TAMS 0x000000008ae00000, 0x000000008ae00000| Complete 
| 175|0x000000008af00000, 0x000000008b000000, 0x000000008b000000|100%| E|CS|TAMS 0x000000008af00000, 0x000000008af00000| Complete 
| 176|0x000000008b000000, 0x000000008b100000, 0x000000008b100000|100%| E|CS|TAMS 0x000000008b000000, 0x000000008b000000| Complete 
| 177|0x000000008b100000, 0x000000008b200000, 0x000000008b200000|100%| E|CS|TAMS 0x000000008b100000, 0x000000008b100000| Complete 
| 178|0x000000008b200000, 0x000000008b300000, 0x000000008b300000|100%| E|CS|TAMS 0x000000008b200000, 0x000000008b200000| Complete 
| 179|0x000000008b300000, 0x000000008b400000, 0x000000008b400000|100%| E|CS|TAMS 0x000000008b300000, 0x000000008b300000| Complete 
| 180|0x000000008b400000, 0x000000008b500000, 0x000000008b500000|100%| E|CS|TAMS 0x000000008b400000, 0x000000008b400000| Complete 
| 181|0x000000008b500000, 0x000000008b600000, 0x000000008b600000|100%| E|CS|TAMS 0x000000008b500000, 0x000000008b500000| Complete 
| 182|0x000000008b600000, 0x000000008b700000, 0x000000008b700000|100%| E|CS|TAMS 0x000000008b600000, 0x000000008b600000| Complete 
| 183|0x000000008b700000, 0x000000008b800000, 0x000000008b800000|100%| E|CS|TAMS 0x000000008b700000, 0x000000008b700000| Complete 
| 184|0x000000008b800000, 0x000000008b900000, 0x000000008b900000|100%| E|CS|TAMS 0x000000008b800000, 0x000000008b800000| Complete 
| 185|0x000000008b900000, 0x000000008ba00000, 0x000000008ba00000|100%| E|CS|TAMS 0x000000008b900000, 0x000000008b900000| Complete 
| 186|0x000000008ba00000, 0x000000008bb00000, 0x000000008bb00000|100%| E|CS|TAMS 0x000000008ba00000, 0x000000008ba00000| Complete 
| 187|0x000000008bb00000, 0x000000008bc00000, 0x000000008bc00000|100%| E|CS|TAMS 0x000000008bb00000, 0x000000008bb00000| Complete 
| 188|0x000000008bc00000, 0x000000008bd00000, 0x000000008bd00000|100%| E|CS|TAMS 0x000000008bc00000, 0x000000008bc00000| Complete 
| 189|0x000000008bd00000, 0x000000008be00000, 0x000000008be00000|100%| E|CS|TAMS 0x000000008bd00000, 0x000000008bd00000| Complete 

Card table byte_map: [0x00000175552f0000,0x00000175556f0000] _byte_map_base: 0x0000017554ef0000

Marking Bits (Prev, Next): (CMBitMap*) 0x000001754242cdd8, (CMBitMap*) 0x000001754242ce10
 Prev Bits: [0x0000017555af0000, 0x0000017557af0000)
 Next Bits: [0x0000017557af0000, 0x0000017559af0000)

Polling page: 0x0000017540290000

Metaspace:

Usage:
  Non-class:     93.79 MB capacity,    91.70 MB ( 98%) used,     1.76 MB (  2%) free+waste,   331.00 KB ( <1%) overhead. 
      Class:     14.77 MB capacity,    13.65 MB ( 92%) used,   989.20 KB (  7%) free+waste,   154.38 KB (  1%) overhead. 
       Both:    108.56 MB capacity,   105.35 MB ( 97%) used,     2.73 MB (  3%) free+waste,   485.38 KB ( <1%) overhead. 

Virtual space:
  Non-class space:       96.00 MB reserved,      93.95 MB ( 98%) committed 
      Class space:        1.00 GB reserved,      14.88 MB (  1%) committed 
             Both:        1.09 GB reserved,     108.83 MB ( 10%) committed 

Chunk freelists:
   Non-Class:  43.00 KB
       Class:  1.00 KB
        Both:  44.00 KB

MaxMetaspaceSize: 17179869184.00 GB
CompressedClassSpaceSize: 1.00 GB

CodeHeap 'non-profiled nmethods': size=120064Kb used=7936Kb max_used=7936Kb free=112127Kb
 bounds [0x000001754d9b0000, 0x000001754e180000, 0x0000017554ef0000]
CodeHeap 'profiled nmethods': size=120000Kb used=28361Kb max_used=28361Kb free=91639Kb
 bounds [0x0000017546480000, 0x0000017548040000, 0x000001754d9b0000]
CodeHeap 'non-nmethods': size=5696Kb used=2326Kb max_used=2380Kb free=3369Kb
 bounds [0x0000017545ef0000, 0x0000017546160000, 0x0000017546480000]
 total_blobs=13893 nmethods=12955 adapters=849
 compilation: enabled
              stopped_count=0, restarted_count=0
 full_count=0

Compilation events (20 events):
Event: 479.810 Thread 0x000001755c87f800 nmethod 13160 0x000001754e16c690 code [0x000001754e16c960, 0x000001754e16e1c0]
Event: 479.810 Thread 0x000001755c87f800 13161       4       java.util.regex.Pattern$BnM::optimize (179 bytes)
Event: 479.813 Thread 0x000001755c880800 13164       3       org.gradle.groovy.scripts.internal.FileCacheBackedScriptClassCompiler$BuildScriptRemapper::remap (42 bytes)
Event: 479.813 Thread 0x000001755c880800 nmethod 13164 0x0000017548014d10 code [0x0000017548014f00, 0x0000017548015408]
Event: 479.814 Thread 0x000001755c880800 13163       3       org.gradle.groovy.scripts.internal.FileCacheBackedScriptClassCompiler$BuildScriptRemapper::access$600 (7 bytes)
Event: 479.814 Thread 0x000001755c880800 nmethod 13163 0x0000017548015610 code [0x00000175480157c0, 0x00000175480158c8]
Event: 479.814 Thread 0x000001755c880800 13165       3       org.gradle.internal.classpath.InstrumentingBackwardsCompatibilityVisitor$BackwardCompatibilityMethodVisitor::visitFieldInsn (24 bytes)
Event: 479.814 Thread 0x000001755c880800 nmethod 13165 0x0000017548015990 code [0x0000017548015b80, 0x0000017548015f28]
Event: 479.820 Thread 0x000001755c880800 13166       3       org.apache.tools.zip.ZipOutputStream::deflate (33 bytes)
Event: 479.820 Thread 0x000001755c880800 nmethod 13166 0x0000017548016110 code [0x0000017548016300, 0x0000017548016768]
Event: 479.847 Thread 0x000001755c87f800 nmethod 13161 0x000001754e16ef10 code [0x000001754e16f0e0, 0x000001754e16fc18]
Event: 479.852 Thread 0x000001755c880800 13168       3       org.gradle.internal.classpath.InstrumentingTransformer$InstrumentingMethodVisitor::visitINVOKESTATIC (504 bytes)
Event: 479.870 Thread 0x000001755c880800 nmethod 13168 0x0000017548016990 code [0x0000017548017820, 0x00000175480205a8]
Event: 479.870 Thread 0x000001755c880800 13169       3       org.apache.tools.zip.ZipOutputStream::writeCounted (9 bytes)
Event: 479.870 Thread 0x000001755c880800 nmethod 13169 0x0000017548023610 code [0x0000017548023800, 0x0000017548023b58]
Event: 479.900 Thread 0x000001755c87f800 13170       4       org.gradle.internal.reflect.ClassInspector::inspectClass (179 bytes)
Event: 479.971 Thread 0x000001755c880800 13173       3       java.lang.String::format (16 bytes)
Event: 479.972 Thread 0x000001755c880800 nmethod 13173 0x0000017548023d10 code [0x0000017548023f80, 0x0000017548024888]
Event: 479.993 Thread 0x000001755c880800 13174       1       java.lang.StackTraceElement::getClassName (5 bytes)
Event: 479.993 Thread 0x000001755c880800 nmethod 13174 0x000001754e170010 code [0x000001754e1701c0, 0x000001754e170278]

GC Heap History (20 events):
Event: 35.675 GC heap before
{Heap before GC invocations=26 (full 0):
 garbage-first heap   total 194560K, used 116246K [0x0000000080000000, 0x0000000100000000)
  region size 1024K, 12 young (12288K), 7 survivors (7168K)
 Metaspace       used 90043K, capacity 92341K, committed 92496K, reserved 1130496K
  class space    used 11775K, capacity 12579K, committed 12672K, reserved 1048576K
}
Event: 35.686 GC heap after
{Heap after GC invocations=27 (full 0):
 garbage-first heap   total 194560K, used 113351K [0x0000000080000000, 0x0000000100000000)
  region size 1024K, 2 young (2048K), 2 survivors (2048K)
 Metaspace       used 90043K, capacity 92341K, committed 92496K, reserved 1130496K
  class space    used 11775K, capacity 12579K, committed 12672K, reserved 1048576K
}
Event: 38.105 GC heap before
{Heap before GC invocations=28 (full 0):
 garbage-first heap   total 194560K, used 149191K [0x0000000080000000, 0x0000000100000000)
  region size 1024K, 36 young (36864K), 2 survivors (2048K)
 Metaspace       used 95462K, capacity 97750K, committed 98000K, reserved 1134592K
  class space    used 12434K, capacity 13217K, committed 13312K, reserved 1048576K
}
Event: 38.112 GC heap after
{Heap after GC invocations=29 (full 0):
 garbage-first heap   total 194560K, used 113534K [0x0000000080000000, 0x0000000100000000)
  region size 1024K, 2 young (2048K), 2 survivors (2048K)
 Metaspace       used 95462K, capacity 97750K, committed 98000K, reserved 1134592K
  class space    used 12434K, capacity 13217K, committed 13312K, reserved 1048576K
}
Event: 42.964 GC heap before
{Heap before GC invocations=29 (full 0):
 garbage-first heap   total 194560K, used 151422K [0x0000000080000000, 0x0000000100000000)
  region size 1024K, 39 young (39936K), 2 survivors (2048K)
 Metaspace       used 98391K, capacity 100834K, committed 100944K, reserved 1136640K
  class space    used 12786K, capacity 13641K, committed 13696K, reserved 1048576K
}
Event: 42.978 GC heap after
{Heap after GC invocations=30 (full 0):
 garbage-first heap   total 194560K, used 116826K [0x0000000080000000, 0x0000000100000000)
  region size 1024K, 5 young (5120K), 5 survivors (5120K)
 Metaspace       used 98391K, capacity 100834K, committed 100944K, reserved 1136640K
  class space    used 12786K, capacity 13641K, committed 13696K, reserved 1048576K
}
Event: 46.439 GC heap before
{Heap before GC invocations=31 (full 0):
 garbage-first heap   total 194560K, used 153690K [0x0000000080000000, 0x0000000100000000)
  region size 1024K, 42 young (43008K), 5 survivors (5120K)
 Metaspace       used 98606K, capacity 101053K, committed 101200K, reserved 1136640K
  class space    used 12791K, capacity 13646K, committed 13696K, reserved 1048576K
}
Event: 46.460 GC heap after
{Heap after GC invocations=32 (full 0):
 garbage-first heap   total 194560K, used 121284K [0x0000000080000000, 0x0000000100000000)
  region size 1024K, 5 young (5120K), 5 survivors (5120K)
 Metaspace       used 98606K, capacity 101053K, committed 101200K, reserved 1136640K
  class space    used 12791K, capacity 13646K, committed 13696K, reserved 1048576K
}
Event: 50.490 GC heap before
{Heap before GC invocations=32 (full 0):
 garbage-first heap   total 194560K, used 156100K [0x0000000080000000, 0x0000000100000000)
  region size 1024K, 40 young (40960K), 5 survivors (5120K)
 Metaspace       used 99429K, capacity 101929K, committed 102096K, reserved 1138688K
  class space    used 12865K, capacity 13736K, committed 13824K, reserved 1048576K
}
Event: 50.502 GC heap after
{Heap after GC invocations=33 (full 0):
 garbage-first heap   total 194560K, used 124791K [0x0000000080000000, 0x0000000100000000)
  region size 1024K, 5 young (5120K), 5 survivors (5120K)
 Metaspace       used 99429K, capacity 101929K, committed 102096K, reserved 1138688K
  class space    used 12865K, capacity 13736K, committed 13824K, reserved 1048576K
}
Event: 52.306 GC heap before
{Heap before GC invocations=34 (full 0):
 garbage-first heap   total 194560K, used 158583K [0x0000000080000000, 0x0000000100000000)
  region size 1024K, 39 young (39936K), 5 survivors (5120K)
 Metaspace       used 103179K, capacity 105759K, committed 105936K, reserved 1140736K
  class space    used 13366K, capacity 14315K, committed 14336K, reserved 1048576K
}
Event: 52.318 GC heap after
{Heap after GC invocations=35 (full 0):
 garbage-first heap   total 194560K, used 127120K [0x0000000080000000, 0x0000000100000000)
  region size 1024K, 3 young (3072K), 3 survivors (3072K)
 Metaspace       used 103179K, capacity 105759K, committed 105936K, reserved 1140736K
  class space    used 13366K, capacity 14315K, committed 14336K, reserved 1048576K
}
Event: 109.127 GC heap before
{Heap before GC invocations=35 (full 0):
 garbage-first heap   total 194560K, used 160912K [0x0000000080000000, 0x0000000100000000)
  region size 1024K, 36 young (36864K), 3 survivors (3072K)
 Metaspace       used 104884K, capacity 107830K, committed 107856K, reserved 1142784K
  class space    used 13594K, capacity 14698K, committed 14720K, reserved 1048576K
}
Event: 109.148 GC heap after
{Heap after GC invocations=36 (full 0):
 garbage-first heap   total 194560K, used 130635K [0x0000000080000000, 0x0000000100000000)
  region size 1024K, 5 young (5120K), 5 survivors (5120K)
 Metaspace       used 104884K, capacity 107830K, committed 107856K, reserved 1142784K
  class space    used 13594K, capacity 14698K, committed 14720K, reserved 1048576K
}
Event: 113.166 GC heap before
{Heap before GC invocations=37 (full 0):
 garbage-first heap   total 194560K, used 161355K [0x0000000080000000, 0x0000000100000000)
  region size 1024K, 36 young (36864K), 5 survivors (5120K)
 Metaspace       used 106149K, capacity 109174K, committed 109392K, reserved 1144832K
  class space    used 13756K, capacity 14869K, committed 14976K, reserved 1048576K
}
Event: 113.184 GC heap after
{Heap after GC invocations=38 (full 0):
 garbage-first heap   total 194560K, used 135329K [0x0000000080000000, 0x0000000100000000)
  region size 1024K, 5 young (5120K), 5 survivors (5120K)
 Metaspace       used 106149K, capacity 109174K, committed 109392K, reserved 1144832K
  class space    used 13756K, capacity 14869K, committed 14976K, reserved 1048576K
}
Event: 113.290 GC heap before
{Heap before GC invocations=38 (full 0):
 garbage-first heap   total 194560K, used 139425K [0x0000000080000000, 0x0000000100000000)
  region size 1024K, 9 young (9216K), 5 survivors (5120K)
 Metaspace       used 106208K, capacity 109188K, committed 109392K, reserved 1144832K
  class space    used 13764K, capacity 14875K, committed 14976K, reserved 1048576K
}
Event: 113.302 GC heap after
{Heap after GC invocations=39 (full 0):
 garbage-first heap   total 194560K, used 134772K [0x0000000080000000, 0x0000000100000000)
  region size 1024K, 1 young (1024K), 1 survivors (1024K)
 Metaspace       used 106208K, capacity 109188K, committed 109392K, reserved 1144832K
  class space    used 13764K, capacity 14875K, committed 14976K, reserved 1048576K
}
Event: 156.962 GC heap before
{Heap before GC invocations=39 (full 0):
 garbage-first heap   total 194560K, used 163444K [0x0000000080000000, 0x0000000100000000)
  region size 1024K, 29 young (29696K), 1 survivors (1024K)
 Metaspace       used 106967K, capacity 110002K, committed 110288K, reserved 1144832K
  class space    used 13879K, capacity 15010K, committed 15104K, reserved 1048576K
}
Event: 156.965 GC heap after
{Heap after GC invocations=40 (full 0):
 garbage-first heap   total 194560K, used 134275K [0x0000000080000000, 0x0000000100000000)
  region size 1024K, 1 young (1024K), 1 survivors (1024K)
 Metaspace       used 106967K, capacity 110002K, committed 110288K, reserved 1144832K
  class space    used 13879K, capacity 15010K, committed 15104K, reserved 1048576K
}

Deoptimization events (20 events):
Event: 116.378 Thread 0x000001756239e800 DEOPT PACKING pc=0x000001754dfcf814 sp=0x0000006896eff190
Event: 116.378 Thread 0x000001756239e800 DEOPT UNPACKING pc=0x0000017545f1662f sp=0x0000006896eff0b8 mode 2
Event: 146.926 Thread 0x000001755ee00800 Uncommon trap: trap_request=0xffffffc6 fr.pc=0x000001754df33ad4 relative=0x0000000000000b54
Event: 146.926 Thread 0x000001755ee00800 Uncommon trap: reason=bimorphic_or_optimized_type_check action=maybe_recompile pc=0x000001754df33ad4 method=java.util.HashMap.removeNode(ILjava/lang/Object;Ljava/lang/Object;ZZ)Ljava/util/HashMap$Node; @ 283 c2
Event: 146.926 Thread 0x000001755ee00800 DEOPT PACKING pc=0x000001754df33ad4 sp=0x00000068986fe340
Event: 146.926 Thread 0x000001755ee00800 DEOPT UNPACKING pc=0x0000017545f1662f sp=0x00000068986fe2d8 mode 2
Event: 474.211 Thread 0x00000175623a0000 Uncommon trap: trap_request=0xffffff4d fr.pc=0x000001754e0c3f94 relative=0x0000000000000334
Event: 474.211 Thread 0x00000175623a0000 Uncommon trap: reason=unstable_if action=reinterpret pc=0x000001754e0c3f94 method=sun.security.provider.SHA.implDigest([BI)V @ 21 c2
Event: 474.211 Thread 0x00000175623a0000 DEOPT PACKING pc=0x000001754e0c3f94 sp=0x00000068987f7920
Event: 474.212 Thread 0x00000175623a0000 DEOPT UNPACKING pc=0x0000017545f1662f sp=0x00000068987f78a0 mode 2
Event: 476.754 Thread 0x000001755cd9b800 DEOPT PACKING pc=0x0000017547fbbb98 sp=0x00000068995fd9c0
Event: 476.755 Thread 0x000001755cd9b800 DEOPT UNPACKING pc=0x0000017545f16dde sp=0x00000068995fcef0 mode 0
Event: 476.871 Thread 0x00000175623a0000 DEOPT PACKING pc=0x0000017546518834 sp=0x00000068987f9fa0
Event: 476.871 Thread 0x00000175623a0000 DEOPT UNPACKING pc=0x0000017545f16dde sp=0x00000068987f94f0 mode 0
Event: 476.915 Thread 0x00000175623a0000 DEOPT PACKING pc=0x0000017546f2d50a sp=0x00000068987f9890
Event: 476.917 Thread 0x00000175623a0000 DEOPT UNPACKING pc=0x0000017545f16dde sp=0x00000068987f8e10 mode 0
Event: 477.595 Thread 0x00000175623a0000 DEOPT PACKING pc=0x0000017546d14f6b sp=0x00000068987f6f60
Event: 477.595 Thread 0x00000175623a0000 DEOPT UNPACKING pc=0x0000017545f16dde sp=0x00000068987f63c0 mode 0
Event: 479.749 Thread 0x000001755cd9b800 DEOPT PACKING pc=0x0000017546be7f80 sp=0x00000068995fd970
Event: 479.753 Thread 0x000001755cd9b800 DEOPT UNPACKING pc=0x0000017545f16dde sp=0x00000068995fce28 mode 0

Classes redefined (0 events):
No events

Internal exceptions (20 events):
Event: 477.536 Thread 0x00000175623a0000 Exception <a 'java/lang/ClassNotFoundException'{0x000000008ade05a8}: org/jetbrains/plugins/gradle/tooling/builder/ScalaModelBuilderImplCustomizer> (0x000000008ade05a8) thrown at [./src/hotspot/share/classfile/systemDictionary.cpp, line 231]
Event: 477.557 Thread 0x00000175623a0000 Exception <a 'java/lang/ClassNotFoundException'{0x000000008ac43720}: org/jetbrains/plugins/gradle/tooling/builder/ExternalProjectBuilderImpl$1BeanInfo> (0x000000008ac43720) thrown at [./src/hotspot/share/classfile/systemDictionary.cpp, line 231]
Event: 477.560 Thread 0x00000175623a0000 Exception <a 'java/lang/ClassNotFoundException'{0x000000008ac4efd0}: org/jetbrains/plugins/gradle/tooling/builder/ExternalProjectBuilderImpl$1Customizer> (0x000000008ac4efd0) thrown at [./src/hotspot/share/classfile/systemDictionary.cpp, line 231]
Event: 477.575 Thread 0x00000175623a0000 Exception <a 'java/lang/ClassNotFoundException'{0x000000008aca2e68}: org/jetbrains/plugins/gradle/tooling/builder/ExternalProjectBuilderImplBeanInfo> (0x000000008aca2e68) thrown at [./src/hotspot/share/classfile/systemDictionary.cpp, line 231]
Event: 477.576 Thread 0x00000175623a0000 Exception <a 'java/lang/ClassNotFoundException'{0x000000008acae560}: org/jetbrains/plugins/gradle/tooling/builder/ExternalProjectBuilderImplCustomizer> (0x000000008acae560) thrown at [./src/hotspot/share/classfile/systemDictionary.cpp, line 231]
Event: 477.597 Thread 0x00000175623a0000 Exception <a 'java/lang/ClassNotFoundException'{0x000000008acf97f8}: org/jetbrains/plugins/gradle/tooling/builder/DependencyGraphModelBuilderImplBeanInfo> (0x000000008acf97f8) thrown at [./src/hotspot/share/classfile/systemDictionary.cpp, line 231]
Event: 477.599 Thread 0x00000175623a0000 Exception <a 'java/lang/ClassNotFoundException'{0x000000008ab05380}: org/jetbrains/plugins/gradle/tooling/builder/DependencyGraphModelBuilderImplCustomizer> (0x000000008ab05380) thrown at [./src/hotspot/share/classfile/systemDictionary.cpp, line 231]
Event: 477.613 Thread 0x00000175623a0000 Exception <a 'java/lang/ClassNotFoundException'{0x000000008ab4a400}: org/jetbrains/plugins/gradle/tooling/builder/ExternalTestsModelBuilderImplBeanInfo> (0x000000008ab4a400) thrown at [./src/hotspot/share/classfile/systemDictionary.cpp, line 231]
Event: 477.615 Thread 0x00000175623a0000 Exception <a 'java/lang/ClassNotFoundException'{0x000000008ab55cc8}: org/jetbrains/plugins/gradle/tooling/builder/ExternalTestsModelBuilderImplCustomizer> (0x000000008ab55cc8) thrown at [./src/hotspot/share/classfile/systemDictionary.cpp, line 231]
Event: 477.637 Thread 0x00000175623a0000 Exception <a 'java/lang/ClassNotFoundException'{0x000000008aba26e8}: org/jetbrains/plugins/gradle/tooling/builder/ProjectExtensionsDataBuilderImplBeanInfo> (0x000000008aba26e8) thrown at [./src/hotspot/share/classfile/systemDictionary.cpp, line 231]
Event: 477.638 Thread 0x00000175623a0000 Exception <a 'java/lang/ClassNotFoundException'{0x000000008abae0b0}: org/jetbrains/plugins/gradle/tooling/builder/ProjectExtensionsDataBuilderImplCustomizer> (0x000000008abae0b0) thrown at [./src/hotspot/share/classfile/systemDictionary.cpp, line 231]
Event: 477.644 Thread 0x00000175623a0000 Exception <a 'java/lang/ClassNotFoundException'{0x000000008abe1c88}: org/jetbrains/plugins/gradle/tooling/builder/IntelliJSettingsBuilderBeanInfo> (0x000000008abe1c88) thrown at [./src/hotspot/share/classfile/systemDictionary.cpp, line 231]
Event: 477.645 Thread 0x00000175623a0000 Exception <a 'java/lang/ClassNotFoundException'{0x000000008abed290}: org/jetbrains/plugins/gradle/tooling/builder/IntelliJSettingsBuilderCustomizer> (0x000000008abed290) thrown at [./src/hotspot/share/classfile/systemDictionary.cpp, line 231]
Event: 477.653 Thread 0x00000175623a0000 Exception <a 'java/lang/ClassNotFoundException'{0x000000008aa21988}: org/jetbrains/plugins/gradle/tooling/builder/IntelliJProjectSettingsBuilderBeanInfo> (0x000000008aa21988) thrown at [./src/hotspot/share/classfile/systemDictionary.cpp, line 231]
Event: 477.653 Thread 0x00000175623a0000 Exception <a 'java/lang/ClassNotFoundException'{0x000000008aa2d240}: org/jetbrains/plugins/gradle/tooling/builder/IntelliJProjectSettingsBuilderCustomizer> (0x000000008aa2d240) thrown at [./src/hotspot/share/classfile/systemDictionary.cpp, line 231]
Event: 479.705 Thread 0x000001755cd9b800 Exception <a 'sun/nio/fs/WindowsException'{0x000000008b2fb2a8}> (0x000000008b2fb2a8) thrown at [./src/hotspot/share/prims/jni.cpp, line 615]
Event: 479.870 Thread 0x000001755cd9b800 Exception <a 'sun/nio/fs/WindowsException'{0x000000008a882bc8}> (0x000000008a882bc8) thrown at [./src/hotspot/share/prims/jni.cpp, line 615]
Event: 479.887 Thread 0x000001755cd9b800 Exception <a 'sun/nio/fs/WindowsException'{0x000000008a882d40}> (0x000000008a882d40) thrown at [./src/hotspot/share/prims/jni.cpp, line 615]
Event: 479.916 Thread 0x00000175623a0000 Exception <a 'java/lang/ClassNotFoundException'{0x000000008a70ff58}: build_5o39tmeffq7pdjn2d2d84dsvcBeanInfo> (0x000000008a70ff58) thrown at [./src/hotspot/share/classfile/systemDictionary.cpp, line 231]
Event: 479.918 Thread 0x00000175623a0000 Exception <a 'java/lang/ClassNotFoundException'{0x000000008a71ba60}: build_5o39tmeffq7pdjn2d2d84dsvcCustomizer> (0x000000008a71ba60) thrown at [./src/hotspot/share/classfile/systemDictionary.cpp, line 231]

Events (20 events):
Event: 479.958 loading class org/gradle/internal/deprecation/Documentation$DslReference
Event: 479.958 loading class org/gradle/internal/deprecation/Documentation$DslReference done
Event: 479.959 loading class org/gradle/internal/deprecation/Documentation$UserGuide
Event: 479.959 loading class org/gradle/internal/deprecation/Documentation$UserGuide done
Event: 479.961 loading class org/gradle/internal/deprecation/Documentation$UpgradeGuide
Event: 479.961 loading class org/gradle/internal/deprecation/Documentation$UpgradeGuide done
Event: 479.962 loading class org/gradle/internal/deprecation/DeprecatedFeatureUsage$Type
Event: 479.962 loading class org/gradle/internal/deprecation/DeprecatedFeatureUsage$Type done
Event: 479.966 loading class org/gradle/internal/deprecation/DeprecationTimeline
Event: 479.966 loading class org/gradle/internal/deprecation/DeprecationTimeline done
Event: 479.967 loading class org/gradle/internal/deprecation/DeprecationMessageBuilder$WithDeprecationTimeline
Event: 479.967 loading class org/gradle/internal/deprecation/DeprecationMessageBuilder$WithDeprecationTimeline done
Event: 479.970 loading class org/gradle/internal/deprecation/DeprecationMessage
Event: 479.970 loading class org/gradle/internal/deprecation/DeprecationMessage done
Event: 480.000 loading class org/gradle/internal/featurelifecycle/DefaultDeprecatedUsageProgressDetails
Event: 480.000 loading class org/gradle/internal/featurelifecycle/DefaultDeprecatedUsageProgressDetails done
Event: 480.003 loading class org/gradle/internal/featurelifecycle/DeprecatedUsageProgressDetails
Event: 480.003 loading class org/gradle/internal/featurelifecycle/DeprecatedUsageProgressDetails done
Event: 480.007 loading class groovy/runtime/metaclass/build_5o39tmeffq7pdjn2d2d84dsvc$_run_closure1$_closure3MetaClass
Event: 480.007 loading class groovy/runtime/metaclass/build_5o39tmeffq7pdjn2d2d84dsvc$_run_closure1$_closure3MetaClass done


Dynamic libraries:
0x00007ff7393c0000 - 0x00007ff7393ca000 	D:\Program Files\Android\jre\bin\java.exe
0x00007ffa94410000 - 0x00007ffa94605000 	C:\Windows\SYSTEM32\ntdll.dll
0x00007ffa92960000 - 0x00007ffa92a1e000 	C:\Windows\System32\KERNEL32.DLL
0x00007ffa91e70000 - 0x00007ffa92138000 	C:\Windows\System32\KERNELBASE.dll
0x00007ffa91b30000 - 0x00007ffa91c30000 	C:\Windows\System32\ucrtbase.dll
0x00007ffa6bfa0000 - 0x00007ffa6bfb9000 	D:\Program Files\Android\jre\bin\jli.dll
0x00007ffa6cdc0000 - 0x00007ffa6cdd7000 	D:\Program Files\Android\jre\bin\VCRUNTIME140.dll
0x00007ffa92dc0000 - 0x00007ffa92f60000 	C:\Windows\System32\USER32.dll
0x00007ffa92140000 - 0x00007ffa92162000 	C:\Windows\System32\win32u.dll
0x00007ffa92930000 - 0x00007ffa9295a000 	C:\Windows\System32\GDI32.dll
0x00007ffa91d60000 - 0x00007ffa91e6b000 	C:\Windows\System32\gdi32full.dll
0x00007ffa92170000 - 0x00007ffa9220d000 	C:\Windows\System32\msvcp_win.dll
0x00007ffa7d880000 - 0x00007ffa7db1a000 	C:\Windows\WinSxS\amd64_microsoft.windows.common-controls_6595b64144ccf1df_6.0.19041.1110_none_60b5254171f9507e\COMCTL32.dll
0x00007ffa92a30000 - 0x00007ffa92ace000 	C:\Windows\System32\msvcrt.dll
0x00007ffa92ad0000 - 0x00007ffa92b00000 	C:\Windows\System32\IMM32.DLL
0x00007ffa38680000 - 0x00007ffa3871d000 	D:\Program Files\Android\jre\bin\msvcp140.dll
0x00007ffa36d70000 - 0x00007ffa37845000 	D:\Program Files\Android\jre\bin\server\jvm.dll
0x00007ffa92f60000 - 0x00007ffa9300e000 	C:\Windows\System32\ADVAPI32.dll
0x00007ffa93230000 - 0x00007ffa932cc000 	C:\Windows\System32\sechost.dll
0x00007ffa930f0000 - 0x00007ffa93215000 	C:\Windows\System32\RPCRT4.dll
0x00007ffa940f0000 - 0x00007ffa940f8000 	C:\Windows\System32\PSAPI.DLL
0x00007ffa7e120000 - 0x00007ffa7e129000 	C:\Windows\SYSTEM32\WSOCK32.dll
0x00007ffa94100000 - 0x00007ffa9416b000 	C:\Windows\System32\WS2_32.dll
0x00007ffa86390000 - 0x00007ffa863b7000 	C:\Windows\SYSTEM32\WINMM.dll
0x00007ffa8bb90000 - 0x00007ffa8bb9a000 	C:\Windows\SYSTEM32\VERSION.dll
0x00007ffa903a0000 - 0x00007ffa903b2000 	C:\Windows\SYSTEM32\kernel.appcore.dll
0x00007ffa8a910000 - 0x00007ffa8a921000 	D:\Program Files\Android\jre\bin\verify.dll
0x00007ffa8f900000 - 0x00007ffa8fae4000 	C:\Windows\SYSTEM32\DBGHELP.DLL
0x00007ffa85450000 - 0x00007ffa8547c000 	C:\Windows\SYSTEM32\dbgcore.DLL
0x00007ffa92280000 - 0x00007ffa92302000 	C:\Windows\System32\bcryptPrimitives.dll
0x00007ffa7a380000 - 0x00007ffa7a3a9000 	D:\Program Files\Android\jre\bin\java.dll
0x00007ffa8cd30000 - 0x00007ffa8cd3b000 	D:\Program Files\Android\jre\bin\jimage.dll
0x00007ffa831d0000 - 0x00007ffa831e8000 	D:\Program Files\Android\jre\bin\zip.dll
0x00007ffa939a0000 - 0x00007ffa940e4000 	C:\Windows\System32\SHELL32.dll
0x00007ffa8faf0000 - 0x00007ffa90284000 	C:\Windows\SYSTEM32\windows.storage.dll
0x00007ffa925d0000 - 0x00007ffa92924000 	C:\Windows\System32\combase.dll
0x00007ffa913f0000 - 0x00007ffa9141c000 	C:\Windows\SYSTEM32\Wldp.dll
0x00007ffa92470000 - 0x00007ffa9251d000 	C:\Windows\System32\SHCORE.dll
0x00007ffa93400000 - 0x00007ffa93455000 	C:\Windows\System32\shlwapi.dll
0x00007ffa91a70000 - 0x00007ffa91a8f000 	C:\Windows\SYSTEM32\profapi.dll
0x00007ffa7a360000 - 0x00007ffa7a37a000 	D:\Program Files\Android\jre\bin\net.dll
0x00007ffa89050000 - 0x00007ffa8915a000 	C:\Windows\SYSTEM32\WINHTTP.dll
0x00007ffa911d0000 - 0x00007ffa9123a000 	C:\Windows\system32\mswsock.dll
0x00007ffa77780000 - 0x00007ffa77794000 	D:\Program Files\Android\jre\bin\nio.dll
0x00007ffa69430000 - 0x00007ffa69457000 	C:\Users\thyca\.gradle\native\e1d6ef7f7dcc3fd88c89a11ec53ec762bb8ba0a96d01ffa2cd45eb1d1d8dd5c5\windows-amd64\native-platform.dll
0x00007ffa44560000 - 0x00007ffa446a4000 	C:\Users\thyca\.gradle\native\5664cfc778a61ccfe75a443a1ab52a65af34e5dc3c78e0209fed803814484fcb\windows-amd64\native-platform-file-events.dll
0x00007ffa8c650000 - 0x00007ffa8c65a000 	D:\Program Files\Android\jre\bin\management.dll
0x00007ffa8a900000 - 0x00007ffa8a90d000 	D:\Program Files\Android\jre\bin\management_ext.dll
0x00007ffa91430000 - 0x00007ffa91448000 	C:\Windows\SYSTEM32\CRYPTSP.dll
0x00007ffa90b70000 - 0x00007ffa90ba4000 	C:\Windows\system32\rsaenh.dll
0x00007ffa91d30000 - 0x00007ffa91d57000 	C:\Windows\System32\bcrypt.dll
0x00007ffa91a30000 - 0x00007ffa91a5e000 	C:\Windows\SYSTEM32\USERENV.dll
0x00007ffa91360000 - 0x00007ffa9136c000 	C:\Windows\SYSTEM32\CRYPTBASE.dll
0x00007ffa90ee0000 - 0x00007ffa90f1b000 	C:\Windows\SYSTEM32\IPHLPAPI.DLL
0x00007ffa93220000 - 0x00007ffa93228000 	C:\Windows\System32\NSI.dll
0x00007ffa8a070000 - 0x00007ffa8a087000 	C:\Windows\SYSTEM32\dhcpcsvc6.DLL
0x00007ffa89e90000 - 0x00007ffa89ead000 	C:\Windows\SYSTEM32\dhcpcsvc.DLL
0x00007ffa90f20000 - 0x00007ffa90feb000 	C:\Windows\SYSTEM32\DNSAPI.dll
0x00007ffa6f140000 - 0x00007ffa6f167000 	D:\Program Files\Android\jre\bin\sunec.dll

dbghelp: loaded successfully - version: 4.0.5 - missing functions: none
symbol engine: initialized successfully - sym options: 0x614 - pdb path: .;D:\Program Files\Android\jre\bin;C:\Windows\SYSTEM32;C:\Windows\WinSxS\amd64_microsoft.windows.common-controls_6595b64144ccf1df_6.0.19041.1110_none_60b5254171f9507e;D:\Program Files\Android\jre\bin\server;C:\Users\thyca\.gradle\native\e1d6ef7f7dcc3fd88c89a11ec53ec762bb8ba0a96d01ffa2cd45eb1d1d8dd5c5\windows-amd64;C:\Users\thyca\.gradle\native\5664cfc778a61ccfe75a443a1ab52a65af34e5dc3c78e0209fed803814484fcb\windows-amd64

VM Arguments:
jvm_args: --add-opens=java.base/java.util=ALL-UNNAMED --add-opens=java.base/java.lang=ALL-UNNAMED --add-opens=java.base/java.lang.invoke=ALL-UNNAMED --add-opens=java.base/java.util=ALL-UNNAMED --add-opens=java.prefs/java.util.prefs=ALL-UNNAMED --add-opens=java.prefs/java.util.prefs=ALL-UNNAMED --add-opens=java.base/java.nio.charset=ALL-UNNAMED --add-opens=java.base/java.net=ALL-UNNAMED --add-opens=java.base/java.util.concurrent.atomic=ALL-UNNAMED -Xmx2048m -Dfile.encoding=UTF-8 -Duser.country=US -Duser.language=en -Duser.variant 
java_command: org.gradle.launcher.daemon.bootstrap.GradleDaemon 7.2
java_class_path (initial): C:\Users\thyca\.gradle\wrapper\dists\gradle-7.2-bin\2dnblmf4td7x66yl1d74lt32g\gradle-7.2\lib\gradle-launcher-7.2.jar
Launcher Type: SUN_STANDARD

[Global flags]
     intx CICompilerCount                          = 3                                         {product} {ergonomic}
     uint ConcGCThreads                            = 1                                         {product} {ergonomic}
     uint G1ConcRefinementThreads                  = 4                                         {product} {ergonomic}
   size_t G1HeapRegionSize                         = 1048576                                   {product} {ergonomic}
    uintx GCDrainStackTargetSize                   = 64                                        {product} {ergonomic}
   size_t InitialHeapSize                          = 199229440                                 {product} {ergonomic}
   size_t MarkStackSize                            = 4194304                                   {product} {ergonomic}
   size_t MaxHeapSize                              = 2147483648                                {product} {command line}
   size_t MaxNewSize                               = 1287651328                                {product} {ergonomic}
   size_t MinHeapDeltaBytes                        = 1048576                                   {product} {ergonomic}
    uintx NonNMethodCodeHeapSize                   = 5830732                                {pd product} {ergonomic}
    uintx NonProfiledCodeHeapSize                  = 122913754                              {pd product} {ergonomic}
    uintx ProfiledCodeHeapSize                     = 122913754                              {pd product} {ergonomic}
    uintx ReservedCodeCacheSize                    = 251658240                              {pd product} {ergonomic}
     bool SegmentedCodeCache                       = true                                      {product} {ergonomic}
     bool UseCompressedClassPointers               = true                                 {lp64_product} {ergonomic}
     bool UseCompressedOops                        = true                                 {lp64_product} {ergonomic}
     bool UseG1GC                                  = true                                      {product} {ergonomic}
     bool UseLargePagesIndividualAllocation        = false                                  {pd product} {ergonomic}

Logging:
Log output configuration:
 #0: stdout all=warning uptime,level,tags
 #1: stderr all=off uptime,level,tags

Environment Variables:
JAVA_HOME=C:\Program Files\Java\jdk-17.0.1\bin
PATH=C:\Program Files (x86)\Common Files\Oracle\Java\javapath;C:\Program Files\Microsoft MPI\Bin\;C:\Program Files\Common Files\Oracle\Java\javapath;C:\Windows\system32;C:\Windows;C:\Windows\System32\Wbem;C:\Windows\System32\WindowsPowerShell\v1.0\;C:\Windows\System32\OpenSSH\;C:\ProgramData\chocolatey\bin;C:\Program Files\dotnet\;C:\Program Files (x86)\dotnet\;C:\Program Files\Python310;C:\Program Files\Python310\Scripts;C:\Program Files\nodejs\;C:\Program Files\Git\cmd;C:\Users\thyca\AppData\Local\Microsoft\WindowsApps;;D:\app_PC\Microsoft VS Code\bin;D:\app_PC\IntelliJ\IntelliJ IDEA 2021.2.3\bin;;C:\Program Files\Azure Data Studio\bin;C:\Users\thyca\.dotnet\tools;C:\Users\thyca\AppData\Roaming\npm;C:\Users\thyca\spicetify-cli
USERNAME=thyca
OS=Windows_NT
PROCESSOR_IDENTIFIER=Intel64 Family 6 Model 142 Stepping 9, GenuineIntel



---------------  S Y S T E M  ---------------

OS: Windows 10 , 64 bit Build 19041 (10.0.19041.1645)
OS uptime: 2 days 23:49 hours
Hyper-V role detected

CPU:total 4 (initial active 4) (2 cores per cpu, 2 threads per core) family 6 model 142 stepping 9 microcode 0xea, cmov, cx8, fxsr, mmx, sse, sse2, sse3, ssse3, sse4.1, sse4.2, popcnt, avx, avx2, aes, clmul, erms, 3dnowpref, lzcnt, ht, tsc, tscinvbit, bmi1, bmi2, adx, fma

Memory: 4k page, system-wide physical 12153M (144M free)
TotalPageFile size 26386M (AvailPageFile size 3M)
current process WorkingSet (physical memory assigned to process): 197M, peak: 447M
current process commit charge ("private bytes"): 489M, peak: 495M

vm_info: OpenJDK 64-Bit Server VM (11.0.11+9-b60-7590822) for windows-amd64 JRE (11.0.11+9-b60-7590822), built on Jul 29 2021 21:43:44 by "builder" with MS VC++ 14.0 (VS2015)

END.
